[2019-11-15 03:44:03 : MEMS-INSPECTION starts, it takes 8.16s.]
[2019-11-15 03:44:03 : File status: Shared setting]
[2019-11-15 03:44:03 : BISData_Path    =  ./BISData]
[2019-11-15 03:44:03 : BISLog_Path     =  ./LOG]
[2019-11-15 03:44:03 : BISModel_Path   =  ./Models]
[2019-11-15 03:44:03 : Test_File_Format   =  Origin]
[2019-11-15 03:44:03 : Offset:            X= 658, Y= 304, W= 342, H = 363]
[2019-11-15 03:44:03 : COLOR_0-4       =  (255, 128, 255), (193, 192, 192), (255, 0, 0), (255, 255, 0), (0, 0, 0)]
[2019-11-15 03:44:03 : COLOR_5-9       =  (0, 0, 0), (0, 0, 0), (255, 0, 255), (0, 0, 255), (0, 0, 0)]
[2019-11-15 03:44:03 : COLOR_10-14     =  (128, 128, 0), (0, 0, 0), (0, 0, 0), (0, 0, 0), (0, 0, 0)]
[2019-11-15 03:44:03 : COLOR_15-19     =  (0, 0, 0), (0, 0, 0), (0, 0, 0), (0, 0, 0), (0, 0, 0)]
[2019-11-15 03:44:03 : COLOR_20-24     =  (0, 0, 0), (16, 192, 255), (48, 192, 255), (80, 192, 255), (112, 192, 255)]
[2019-11-15 03:44:03 : COLOR_25-29     =  (144, 192, 255), (176, 192, 255), (255, 128, 0), (128, 0, 255), (176, 176, 0)]
[2019-11-15 03:44:03 : COLOR_30-34     =  (128, 64, 64), (0, 0, 0), (0, 143, 143), (0, 143, 143), (0, 15, 15)]
[2019-11-15 03:44:03 : COLOR_35-39     =  (0, 15, 15), (0, 15, 15), (0, 15, 15), (0, 15, 15), (0, 15, 15)]
[2019-11-15 03:44:06 : MEMS-INSPECTION ends, it takes 10.91s totally.
]
[2019-11-15 03:47:37 : MEMS-INSPECTION starts, it takes 7.92s.]
[2019-11-15 03:47:37 : File status: Shared setting]
[2019-11-15 03:47:37 : BISData_Path    =  ./BISData]
[2019-11-15 03:47:37 : BISLog_Path     =  ./LOG]
[2019-11-15 03:47:37 : BISModel_Path   =  ./Models]
[2019-11-15 03:47:37 : Test_File_Format   =  Origin]
[2019-11-15 03:47:37 : Offset:            X= 658, Y= 304, W= 342, H = 363]
[2019-11-15 03:47:37 : COLOR_0-4       =  (255, 128, 255), (193, 192, 192), (255, 0, 0), (255, 255, 0), (0, 0, 0)]
[2019-11-15 03:47:37 : COLOR_5-9       =  (0, 0, 0), (0, 0, 0), (255, 0, 255), (0, 0, 255), (0, 0, 0)]
[2019-11-15 03:47:37 : COLOR_10-14     =  (128, 128, 0), (0, 0, 0), (0, 0, 0), (0, 0, 0), (0, 0, 0)]
[2019-11-15 03:47:37 : COLOR_15-19     =  (0, 0, 0), (0, 0, 0), (0, 0, 0), (0, 0, 0), (0, 0, 0)]
[2019-11-15 03:47:37 : COLOR_20-24     =  (0, 0, 0), (16, 192, 255), (48, 192, 255), (80, 192, 255), (112, 192, 255)]
[2019-11-15 03:47:37 : COLOR_25-29     =  (144, 192, 255), (176, 192, 255), (255, 128, 0), (128, 0, 255), (176, 176, 0)]
[2019-11-15 03:47:37 : COLOR_30-34     =  (128, 64, 64), (0, 0, 0), (0, 143, 143), (0, 143, 143), (0, 15, 15)]
[2019-11-15 03:47:37 : COLOR_35-39     =  (0, 15, 15), (0, 15, 15), (0, 15, 15), (0, 15, 15), (0, 15, 15)]
[2019-11-15 03:48:09 : MEMS-INSPECTION ends, it takes 39.48s totally.
]
[2019-11-15 03:56:55 : MEMS-INSPECTION starts, it takes 7.85s.]
[2019-11-15 03:56:55 : File status: Shared setting]
[2019-11-15 03:56:55 : BISData_Path    =  ./BISData]
[2019-11-15 03:56:55 : BISLog_Path     =  ./LOG]
[2019-11-15 03:56:55 : BISModel_Path   =  ./Models]
[2019-11-15 03:56:55 : Test_File_Format   =  Origin]
[2019-11-15 03:56:55 : Offset:            X= 658, Y= 304, W= 342, H = 363]
[2019-11-15 03:56:55 : COLOR_0-4       =  (255, 128, 255), (193, 192, 192), (255, 0, 0), (255, 255, 0), (0, 0, 0)]
[2019-11-15 03:56:55 : COLOR_5-9       =  (0, 0, 0), (0, 0, 0), (255, 0, 255), (0, 0, 255), (0, 0, 0)]
[2019-11-15 03:56:55 : COLOR_10-14     =  (128, 128, 0), (0, 0, 0), (0, 0, 0), (0, 0, 0), (0, 0, 0)]
[2019-11-15 03:56:55 : COLOR_15-19     =  (0, 0, 0), (0, 0, 0), (0, 0, 0), (0, 0, 0), (0, 0, 0)]
[2019-11-15 03:56:55 : COLOR_20-24     =  (0, 0, 0), (16, 192, 255), (48, 192, 255), (80, 192, 255), (112, 192, 255)]
[2019-11-15 03:56:55 : COLOR_25-29     =  (144, 192, 255), (176, 192, 255), (255, 128, 0), (128, 0, 255), (176, 176, 0)]
[2019-11-15 03:56:55 : COLOR_30-34     =  (128, 64, 64), (0, 0, 0), (0, 143, 143), (0, 143, 143), (0, 15, 15)]
[2019-11-15 03:56:55 : COLOR_35-39     =  (0, 15, 15), (0, 15, 15), (0, 15, 15), (0, 15, 15), (0, 15, 15)]
[2019-11-15 03:57:23 : MEMS-INSPECTION ends, it takes 36.66s totally.
]
[2019-11-15 03:59:55 : MEMS-INSPECTION starts, it takes 7.76s.]
[2019-11-15 03:59:55 : File status: Shared setting]
[2019-11-15 03:59:55 : BISData_Path    =  ./BISData]
[2019-11-15 03:59:55 : BISLog_Path     =  ./LOG]
[2019-11-15 03:59:55 : BISModel_Path   =  ./Models]
[2019-11-15 03:59:55 : Test_File_Format   =  Origin]
[2019-11-15 03:59:55 : Offset:            X= 658, Y= 304, W= 342, H = 363]
[2019-11-15 03:59:55 : COLOR_0-4       =  (255, 128, 255), (193, 192, 192), (255, 0, 0), (255, 255, 0), (0, 0, 0)]
[2019-11-15 03:59:55 : COLOR_5-9       =  (0, 0, 0), (0, 0, 0), (255, 0, 255), (0, 0, 255), (0, 0, 0)]
[2019-11-15 03:59:55 : COLOR_10-14     =  (128, 128, 0), (0, 0, 0), (0, 0, 0), (0, 0, 0), (0, 0, 0)]
[2019-11-15 03:59:55 : COLOR_15-19     =  (0, 0, 0), (0, 0, 0), (0, 0, 0), (0, 0, 0), (0, 0, 0)]
[2019-11-15 03:59:55 : COLOR_20-24     =  (0, 0, 0), (16, 192, 255), (48, 192, 255), (80, 192, 255), (112, 192, 255)]
[2019-11-15 03:59:55 : COLOR_25-29     =  (144, 192, 255), (176, 192, 255), (255, 128, 0), (128, 0, 255), (176, 176, 0)]
[2019-11-15 03:59:55 : COLOR_30-34     =  (128, 64, 64), (0, 0, 0), (0, 143, 143), (0, 143, 143), (0, 15, 15)]
[2019-11-15 03:59:55 : COLOR_35-39     =  (0, 15, 15), (0, 15, 15), (0, 15, 15), (0, 15, 15), (0, 15, 15)]
[2019-11-15 04:00:19 : MEMS-INSPECTION ends, it takes 31.13s totally.
]
[2019-11-15 04:03:27 : MEMS-INSPECTION starts, it takes 8.15s.]
[2019-11-15 04:03:27 : File status: Shared setting]
[2019-11-15 04:03:27 : BISData_Path    =  ./BISData]
[2019-11-15 04:03:27 : BISLog_Path     =  ./LOG]
[2019-11-15 04:03:27 : BISModel_Path   =  ./Models]
[2019-11-15 04:03:27 : Test_File_Format   =  Origin]
[2019-11-15 04:03:27 : Offset:            X= 658, Y= 304, W= 342, H = 363]
[2019-11-15 04:03:27 : COLOR_0-4       =  (255, 128, 255), (193, 192, 192), (255, 0, 0), (255, 255, 0), (0, 0, 0)]
[2019-11-15 04:03:27 : COLOR_5-9       =  (0, 0, 0), (0, 0, 0), (255, 0, 255), (0, 0, 255), (0, 0, 0)]
[2019-11-15 04:03:27 : COLOR_10-14     =  (128, 128, 0), (0, 0, 0), (0, 0, 0), (0, 0, 0), (0, 0, 0)]
[2019-11-15 04:03:27 : COLOR_15-19     =  (0, 0, 0), (0, 0, 0), (0, 0, 0), (0, 0, 0), (0, 0, 0)]
[2019-11-15 04:03:27 : COLOR_20-24     =  (0, 0, 0), (16, 192, 255), (48, 192, 255), (80, 192, 255), (112, 192, 255)]
[2019-11-15 04:03:27 : COLOR_25-29     =  (144, 192, 255), (176, 192, 255), (255, 128, 0), (128, 0, 255), (176, 176, 0)]
[2019-11-15 04:03:27 : COLOR_30-34     =  (128, 64, 64), (0, 0, 0), (0, 143, 143), (0, 143, 143), (0, 15, 15)]
[2019-11-15 04:03:27 : COLOR_35-39     =  (0, 15, 15), (0, 15, 15), (0, 15, 15), (0, 15, 15), (0, 15, 15)]
[2019-11-15 04:03:51 : MEMS-INSPECTION ends, it takes 32.26s totally.
]
[2019-11-15 04:17:48 : MEMS-INSPECTION starts, it takes 8.14s.]
[2019-11-15 04:17:48 : File status: Shared setting]
[2019-11-15 04:17:48 : BISData_Path    =  ./BISData]
[2019-11-15 04:17:48 : BISLog_Path     =  ./LOG]
[2019-11-15 04:17:48 : BISModel_Path   =  ./Models]
[2019-11-15 04:17:48 : Test_File_Format   =  Origin]
[2019-11-15 04:17:48 : Offset:            X= 658, Y= 304, W= 342, H = 363]
[2019-11-15 04:17:48 : COLOR_0-4       =  (255, 128, 255), (193, 192, 192), (255, 0, 0), (255, 255, 0), (0, 0, 0)]
[2019-11-15 04:17:48 : COLOR_5-9       =  (0, 0, 0), (0, 0, 0), (255, 0, 255), (0, 0, 255), (0, 0, 0)]
[2019-11-15 04:17:48 : COLOR_10-14     =  (128, 128, 0), (0, 0, 0), (0, 0, 0), (0, 0, 0), (0, 0, 0)]
[2019-11-15 04:17:48 : COLOR_15-19     =  (0, 0, 0), (0, 0, 0), (0, 0, 0), (0, 0, 0), (0, 0, 0)]
[2019-11-15 04:17:48 : COLOR_20-24     =  (0, 0, 0), (16, 192, 255), (48, 192, 255), (80, 192, 255), (112, 192, 255)]
[2019-11-15 04:17:48 : COLOR_25-29     =  (144, 192, 255), (176, 192, 255), (255, 128, 0), (128, 0, 255), (176, 176, 0)]
[2019-11-15 04:17:48 : COLOR_30-34     =  (128, 64, 64), (0, 0, 0), (0, 143, 143), (0, 143, 143), (0, 15, 15)]
[2019-11-15 04:17:48 : COLOR_35-39     =  (0, 15, 15), (0, 15, 15), (0, 15, 15), (0, 15, 15), (0, 15, 15)]
[2019-11-15 04:18:24 : MEMS-INSPECTION ends, it takes 44.40s totally.
]
[2019-11-15 04:35:32 : MEMS-INSPECTION starts, it takes 7.83s.]
[2019-11-15 04:35:32 : File status: Shared setting]
[2019-11-15 04:35:32 : BISData_Path    =  ./BISData]
[2019-11-15 04:35:32 : BISLog_Path     =  ./LOG]
[2019-11-15 04:35:32 : BISModel_Path   =  ./Models]
[2019-11-15 04:35:32 : Test_File_Format   =  Result]
[2019-11-15 04:35:32 : Offset:            X= 658, Y= 304, W= 342, H = 363]
[2019-11-15 04:35:32 : COLOR_0-4       =  (255, 128, 255), (193, 192, 192), (255, 0, 0), (255, 255, 0), (0, 0, 0)]
[2019-11-15 04:35:32 : COLOR_5-9       =  (0, 0, 0), (0, 0, 0), (255, 0, 255), (0, 0, 255), (0, 0, 0)]
[2019-11-15 04:35:32 : COLOR_10-14     =  (128, 128, 0), (0, 0, 0), (0, 0, 0), (0, 0, 0), (0, 0, 0)]
[2019-11-15 04:35:32 : COLOR_15-19     =  (0, 0, 0), (0, 0, 0), (0, 0, 0), (0, 0, 0), (0, 0, 0)]
[2019-11-15 04:35:32 : COLOR_20-24     =  (0, 0, 0), (16, 192, 255), (48, 192, 255), (80, 192, 255), (112, 192, 255)]
[2019-11-15 04:35:32 : COLOR_25-29     =  (144, 192, 255), (176, 192, 255), (255, 128, 0), (128, 0, 255), (176, 176, 0)]
[2019-11-15 04:35:32 : COLOR_30-34     =  (128, 64, 64), (0, 0, 0), (0, 143, 143), (0, 143, 143), (0, 15, 15)]
[2019-11-15 04:35:32 : COLOR_35-39     =  (0, 15, 15), (0, 15, 15), (0, 15, 15), (0, 15, 15), (0, 15, 15)]
[2019-11-15 04:37:07 :                 File Not Found -> MessageToUser: [ Please check                 whether exits!]]
[2019-11-15 04:37:35 : BCEL0721.76     File Not Found -> MessageToUser: [ BCEL0721.76     MAP File is in a wrong format!]]
[2019-11-15 04:37:35 : BCEL0721.76     File Not Found -> MessageToUser: [ Please check BCEL0721.76     whether exits!]]
[2019-11-15 04:37:50 : BCEL072176      File Not Found -> MessageToUser: [ BCEL072176      MAP File is in a wrong format!]]
[2019-11-15 04:37:50 : BCEL072176      File Not Found -> MessageToUser: [ Please check BCEL072176      whether exits!]]
[2019-11-15 04:37:53 : MEMS-INSPECTION ends, it takes 148.39s totally.
]
[2019-11-15 04:38:31 : MEMS-INSPECTION starts, it takes 7.78s.]
[2019-11-15 04:38:31 : File status: Shared setting]
[2019-11-15 04:38:31 : BISData_Path    =  ./TEST_RESULT]
[2019-11-15 04:38:31 : BISLog_Path     =  ./LOG]
[2019-11-15 04:38:31 : BISModel_Path   =  ./Models]
[2019-11-15 04:38:31 : Test_File_Format   =  Result]
[2019-11-15 04:38:31 : Offset:            X= 658, Y= 304, W= 342, H = 363]
[2019-11-15 04:38:31 : COLOR_0-4       =  (255, 128, 255), (193, 192, 192), (255, 0, 0), (255, 255, 0), (0, 0, 0)]
[2019-11-15 04:38:31 : COLOR_5-9       =  (0, 0, 0), (0, 0, 0), (255, 0, 255), (0, 0, 255), (0, 0, 0)]
[2019-11-15 04:38:31 : COLOR_10-14     =  (128, 128, 0), (0, 0, 0), (0, 0, 0), (0, 0, 0), (0, 0, 0)]
[2019-11-15 04:38:31 : COLOR_15-19     =  (0, 0, 0), (0, 0, 0), (0, 0, 0), (0, 0, 0), (0, 0, 0)]
[2019-11-15 04:38:31 : COLOR_20-24     =  (0, 0, 0), (16, 192, 255), (48, 192, 255), (80, 192, 255), (112, 192, 255)]
[2019-11-15 04:38:31 : COLOR_25-29     =  (144, 192, 255), (176, 192, 255), (255, 128, 0), (128, 0, 255), (176, 176, 0)]
[2019-11-15 04:38:31 : COLOR_30-34     =  (128, 64, 64), (0, 0, 0), (0, 143, 143), (0, 143, 143), (0, 15, 15)]
[2019-11-15 04:38:31 : COLOR_35-39     =  (0, 15, 15), (0, 15, 15), (0, 15, 15), (0, 15, 15), (0, 15, 15)]
[2019-11-15 04:38:33 : BCEL0721.76     File Not Found -> MessageToUser: [ Please check BCEL0721.76     whether exits!]]
[2019-11-15 04:38:37 : MEMS-INSPECTION ends, it takes 14.31s totally.
]
[2019-11-15 04:39:24 : MEMS-INSPECTION starts, it takes 7.82s.]
[2019-11-15 04:39:24 : File status: Shared setting]
[2019-11-15 04:39:24 : BISData_Path    =  ./TEST_RESULT]
[2019-11-15 04:39:24 : BISLog_Path     =  ./LOG]
[2019-11-15 04:39:24 : BISModel_Path   =  ./Models]
[2019-11-15 04:39:24 : Test_File_Format   =  Result]
[2019-11-15 04:39:24 : Offset:            X= 658, Y= 304, W= 342, H = 363]
[2019-11-15 04:39:24 : COLOR_0-4       =  (255, 128, 255), (193, 192, 192), (255, 0, 0), (255, 255, 0), (0, 0, 0)]
[2019-11-15 04:39:24 : COLOR_5-9       =  (0, 0, 0), (0, 0, 0), (255, 0, 255), (0, 0, 255), (0, 0, 0)]
[2019-11-15 04:39:24 : COLOR_10-14     =  (128, 128, 0), (0, 0, 0), (0, 0, 0), (0, 0, 0), (0, 0, 0)]
[2019-11-15 04:39:24 : COLOR_15-19     =  (0, 0, 0), (0, 0, 0), (0, 0, 0), (0, 0, 0), (0, 0, 0)]
[2019-11-15 04:39:24 : COLOR_20-24     =  (0, 0, 0), (16, 192, 255), (48, 192, 255), (80, 192, 255), (112, 192, 255)]
[2019-11-15 04:39:24 : COLOR_25-29     =  (144, 192, 255), (176, 192, 255), (255, 128, 0), (128, 0, 255), (176, 176, 0)]
[2019-11-15 04:39:24 : COLOR_30-34     =  (128, 64, 64), (0, 0, 0), (0, 143, 143), (0, 143, 143), (0, 15, 15)]
[2019-11-15 04:39:24 : COLOR_35-39     =  (0, 15, 15), (0, 15, 15), (0, 15, 15), (0, 15, 15), (0, 15, 15)]
[2019-11-15 04:39:26 : BCEL0721.76     File Not Found -> MessageToUser: [ Please check BCEL0721.76     whether exits!]]
[2019-11-15 04:41:28 : BCEL0721.76     File Not Found -> MessageToUser: [ Please check BCEL0721.76     whether exits!]]
[2019-11-15 04:41:30 : MEMS-INSPECTION ends, it takes 134.21s totally.
]
[2019-11-15 04:41:41 : MEMS-INSPECTION starts, it takes 7.83s.]
[2019-11-15 04:41:41 : File status: Shared setting]
[2019-11-15 04:41:41 : BISData_Path    =  ./BISData]
[2019-11-15 04:41:41 : BISLog_Path     =  ./LOG]
[2019-11-15 04:41:41 : BISModel_Path   =  ./Models]
[2019-11-15 04:41:41 : Test_File_Format   =  Origin]
[2019-11-15 04:41:41 : Offset:            X= 658, Y= 304, W= 342, H = 363]
[2019-11-15 04:41:41 : COLOR_0-4       =  (255, 128, 255), (193, 192, 192), (255, 0, 0), (255, 255, 0), (0, 0, 0)]
[2019-11-15 04:41:41 : COLOR_5-9       =  (0, 0, 0), (0, 0, 0), (255, 0, 255), (0, 0, 255), (0, 0, 0)]
[2019-11-15 04:41:41 : COLOR_10-14     =  (128, 128, 0), (0, 0, 0), (0, 0, 0), (0, 0, 0), (0, 0, 0)]
[2019-11-15 04:41:41 : COLOR_15-19     =  (0, 0, 0), (0, 0, 0), (0, 0, 0), (0, 0, 0), (0, 0, 0)]
[2019-11-15 04:41:41 : COLOR_20-24     =  (0, 0, 0), (16, 192, 255), (48, 192, 255), (80, 192, 255), (112, 192, 255)]
[2019-11-15 04:41:41 : COLOR_25-29     =  (144, 192, 255), (176, 192, 255), (255, 128, 0), (128, 0, 255), (176, 176, 0)]
[2019-11-15 04:41:41 : COLOR_30-34     =  (128, 64, 64), (0, 0, 0), (0, 143, 143), (0, 143, 143), (0, 15, 15)]
[2019-11-15 04:41:41 : COLOR_35-39     =  (0, 15, 15), (0, 15, 15), (0, 15, 15), (0, 15, 15), (0, 15, 15)]
[2019-11-15 04:41:44 : BCEL0721.76 successfully!]
[2019-11-15 04:42:21 : MEMS-INSPECTION ends, it takes 47.84s totally.
]
[2019-11-15 04:42:32 : MEMS-INSPECTION starts, it takes 8.06s.]
[2019-11-15 04:42:32 : File status: Shared setting]
[2019-11-15 04:42:32 : BISData_Path    =  ./TEST_INPUT]
[2019-11-15 04:42:32 : BISLog_Path     =  ./LOG]
[2019-11-15 04:42:32 : BISModel_Path   =  ./Models]
[2019-11-15 04:42:32 : Test_File_Format   =  Input]
[2019-11-15 04:42:32 : Offset:            X= 658, Y= 304, W= 342, H = 363]
[2019-11-15 04:42:32 : COLOR_0-4       =  (255, 128, 255), (193, 192, 192), (255, 0, 0), (255, 255, 0), (0, 0, 0)]
[2019-11-15 04:42:32 : COLOR_5-9       =  (0, 0, 0), (0, 0, 0), (255, 0, 255), (0, 0, 255), (0, 0, 0)]
[2019-11-15 04:42:32 : COLOR_10-14     =  (128, 128, 0), (0, 0, 0), (0, 0, 0), (0, 0, 0), (0, 0, 0)]
[2019-11-15 04:42:32 : COLOR_15-19     =  (0, 0, 0), (0, 0, 0), (0, 0, 0), (0, 0, 0), (0, 0, 0)]
[2019-11-15 04:42:32 : COLOR_20-24     =  (0, 0, 0), (16, 192, 255), (48, 192, 255), (80, 192, 255), (112, 192, 255)]
[2019-11-15 04:42:32 : COLOR_25-29     =  (144, 192, 255), (176, 192, 255), (255, 128, 0), (128, 0, 255), (176, 176, 0)]
[2019-11-15 04:42:32 : COLOR_30-34     =  (128, 64, 64), (0, 0, 0), (0, 143, 143), (0, 143, 143), (0, 15, 15)]
[2019-11-15 04:42:32 : COLOR_35-39     =  (0, 15, 15), (0, 15, 15), (0, 15, 15), (0, 15, 15), (0, 15, 15)]
[2019-11-15 04:42:34 : BCEL0721.76 successfully!]
[2019-11-15 04:44:27 : MEMS-INSPECTION ends, it takes 123.93s totally.
]
[2019-11-15 04:44:38 : MEMS-INSPECTION starts, it takes 8.14s.]
[2019-11-15 04:44:38 : File status: Shared setting]
[2019-11-15 04:44:38 : BISData_Path    =  ./TEST_RESULT]
[2019-11-15 04:44:38 : BISLog_Path     =  ./LOG]
[2019-11-15 04:44:38 : BISModel_Path   =  ./Models]
[2019-11-15 04:44:38 : Test_File_Format   =  Result]
[2019-11-15 04:44:38 : Offset:            X= 658, Y= 304, W= 342, H = 363]
[2019-11-15 04:44:38 : COLOR_0-4       =  (255, 128, 255), (193, 192, 192), (255, 0, 0), (255, 255, 0), (0, 0, 0)]
[2019-11-15 04:44:38 : COLOR_5-9       =  (0, 0, 0), (0, 0, 0), (255, 0, 255), (0, 0, 255), (0, 0, 0)]
[2019-11-15 04:44:38 : COLOR_10-14     =  (128, 128, 0), (0, 0, 0), (0, 0, 0), (0, 0, 0), (0, 0, 0)]
[2019-11-15 04:44:38 : COLOR_15-19     =  (0, 0, 0), (0, 0, 0), (0, 0, 0), (0, 0, 0), (0, 0, 0)]
[2019-11-15 04:44:38 : COLOR_20-24     =  (0, 0, 0), (16, 192, 255), (48, 192, 255), (80, 192, 255), (112, 192, 255)]
[2019-11-15 04:44:38 : COLOR_25-29     =  (144, 192, 255), (176, 192, 255), (255, 128, 0), (128, 0, 255), (176, 176, 0)]
[2019-11-15 04:44:38 : COLOR_30-34     =  (128, 64, 64), (0, 0, 0), (0, 143, 143), (0, 143, 143), (0, 15, 15)]
[2019-11-15 04:44:38 : COLOR_35-39     =  (0, 15, 15), (0, 15, 15), (0, 15, 15), (0, 15, 15), (0, 15, 15)]
[2019-11-15 04:44:42 : BCEL0721.76     File Not Found -> MessageToUser: [ Please check BCEL0721.76     whether exits!]]
[2019-11-15 04:44:49 : BCEL072176.txt successfully!]
[2019-11-15 04:52:40 : BCEL072176.txt successfully!]
[2019-11-15 04:54:03 : MEMS-INSPECTION ends, it takes 573.10s totally.
]
[2019-11-15 04:54:14 : MEMS-INSPECTION starts, it takes 8.16s.]
[2019-11-15 04:54:14 : File status: Shared setting]
[2019-11-15 04:54:14 : BISData_Path    =  ./TEST_RESULT]
[2019-11-15 04:54:14 : BISLog_Path     =  ./LOG]
[2019-11-15 04:54:14 : BISModel_Path   =  ./Models]
[2019-11-15 04:54:14 : Test_File_Format   =  Result]
[2019-11-15 04:54:14 : Offset:            X= 658, Y= 304, W= 342, H = 363]
[2019-11-15 04:54:14 : COLOR_0-4       =  (255, 128, 255), (193, 192, 192), (255, 0, 0), (255, 255, 0), (0, 0, 0)]
[2019-11-15 04:54:14 : COLOR_5-9       =  (0, 0, 0), (0, 0, 0), (255, 0, 255), (0, 0, 255), (0, 0, 0)]
[2019-11-15 04:54:14 : COLOR_10-14     =  (128, 128, 0), (0, 0, 0), (0, 0, 0), (0, 0, 0), (0, 0, 0)]
[2019-11-15 04:54:14 : COLOR_15-19     =  (0, 0, 0), (0, 0, 0), (0, 0, 0), (0, 0, 0), (0, 0, 0)]
[2019-11-15 04:54:14 : COLOR_20-24     =  (0, 0, 0), (16, 192, 255), (48, 192, 255), (80, 192, 255), (112, 192, 255)]
[2019-11-15 04:54:14 : COLOR_25-29     =  (144, 192, 255), (176, 192, 255), (255, 128, 0), (128, 0, 255), (176, 176, 0)]
[2019-11-15 04:54:14 : COLOR_30-34     =  (128, 64, 64), (0, 0, 0), (0, 143, 143), (0, 143, 143), (0, 15, 15)]
[2019-11-15 04:54:14 : COLOR_35-39     =  (0, 15, 15), (0, 15, 15), (0, 15, 15), (0, 15, 15), (0, 15, 15)]
[2019-11-15 04:54:44 : BCEL072176.txt successfully!]
[2019-11-15 04:54:53 : BCEL072176.txt successfully!]
[2019-11-15 04:54:55 : BCEL072176.txt successfully!]
[2019-11-15 04:55:02 : BCEL072177.txt successfully!]
[2019-11-15 04:55:31 : BCEL072177.txt successfully!]
[2019-11-15 04:56:25 : MEMS-INSPECTION starts, it takes 7.79s.]
[2019-11-15 04:56:25 : File status: Shared setting]
[2019-11-15 04:56:25 : BISData_Path    =  ./TEST_RESULT]
[2019-11-15 04:56:25 : BISLog_Path     =  ./LOG]
[2019-11-15 04:56:25 : BISModel_Path   =  ./Models]
[2019-11-15 04:56:25 : Test_File_Format   =  Result]
[2019-11-15 04:56:25 : Offset:            X= 658, Y= 304, W= 342, H = 363]
[2019-11-15 04:56:25 : COLOR_0-4       =  (255, 128, 255), (193, 192, 192), (255, 0, 0), (255, 255, 0), (0, 0, 0)]
[2019-11-15 04:56:25 : COLOR_5-9       =  (0, 0, 0), (0, 0, 0), (255, 0, 255), (0, 0, 255), (0, 0, 0)]
[2019-11-15 04:56:25 : COLOR_10-14     =  (128, 128, 0), (0, 0, 0), (0, 0, 0), (0, 0, 0), (0, 0, 0)]
[2019-11-15 04:56:25 : COLOR_15-19     =  (0, 0, 0), (0, 0, 0), (0, 0, 0), (0, 0, 0), (0, 0, 0)]
[2019-11-15 04:56:25 : COLOR_20-24     =  (0, 0, 0), (16, 192, 255), (48, 192, 255), (80, 192, 255), (112, 192, 255)]
[2019-11-15 04:56:25 : COLOR_25-29     =  (144, 192, 255), (176, 192, 255), (255, 128, 0), (128, 0, 255), (176, 176, 0)]
[2019-11-15 04:56:25 : COLOR_30-34     =  (128, 64, 64), (0, 0, 0), (0, 143, 143), (0, 143, 143), (0, 15, 15)]
[2019-11-15 04:56:25 : COLOR_35-39     =  (0, 15, 15), (0, 15, 15), (0, 15, 15), (0, 15, 15), (0, 15, 15)]
[2019-11-15 04:56:46 : BCEL072176.txt successfully!]
[2019-11-15 04:58:22 : MEMS-INSPECTION starts, it takes 7.76s.]
[2019-11-15 04:58:22 : File status: Shared setting]
[2019-11-15 04:58:22 : BISData_Path    =  ./TEST_RESULT]
[2019-11-15 04:58:22 : BISLog_Path     =  ./LOG]
[2019-11-15 04:58:22 : BISModel_Path   =  ./Models]
[2019-11-15 04:58:22 : Test_File_Format   =  Result]
[2019-11-15 04:58:22 : Offset:            X= 658, Y= 304, W= 342, H = 363]
[2019-11-15 04:58:22 : COLOR_0-4       =  (255, 128, 255), (193, 192, 192), (255, 0, 0), (255, 255, 0), (0, 0, 0)]
[2019-11-15 04:58:22 : COLOR_5-9       =  (0, 0, 0), (0, 0, 0), (255, 0, 255), (0, 0, 255), (0, 0, 0)]
[2019-11-15 04:58:22 : COLOR_10-14     =  (128, 128, 0), (0, 0, 0), (0, 0, 0), (0, 0, 0), (0, 0, 0)]
[2019-11-15 04:58:22 : COLOR_15-19     =  (0, 0, 0), (0, 0, 0), (0, 0, 0), (0, 0, 0), (0, 0, 0)]
[2019-11-15 04:58:22 : COLOR_20-24     =  (0, 0, 0), (16, 192, 255), (48, 192, 255), (80, 192, 255), (112, 192, 255)]
[2019-11-15 04:58:22 : COLOR_25-29     =  (144, 192, 255), (176, 192, 255), (255, 128, 0), (128, 0, 255), (176, 176, 0)]
[2019-11-15 04:58:22 : COLOR_30-34     =  (128, 64, 64), (0, 0, 0), (0, 143, 143), (0, 143, 143), (0, 15, 15)]
[2019-11-15 04:58:22 : COLOR_35-39     =  (0, 15, 15), (0, 15, 15), (0, 15, 15), (0, 15, 15), (0, 15, 15)]
[2019-11-15 04:58:25 : BCEL072176      File Not Found -> MessageToUser: [ Please check BCEL072176      whether exits!]]
[2019-11-15 04:58:35 : BCEL072176      File Not Found -> MessageToUser: [ Please check BCEL072176      whether exits!]]
[2019-11-15 04:59:32 : BCEL072176.txt  File Not Found -> MessageToUser: [ Please check BCEL072176.txt  whether exits!]]
[2019-11-15 04:59:50 : MEMS-INSPECTION starts, it takes 7.93s.]
[2019-11-15 04:59:50 : File status: Shared setting]
[2019-11-15 04:59:50 : BISData_Path    =  ./TEST_RESULT]
[2019-11-15 04:59:50 : BISLog_Path     =  ./LOG]
[2019-11-15 04:59:50 : BISModel_Path   =  ./Models]
[2019-11-15 04:59:50 : Test_File_Format   =  Result]
[2019-11-15 04:59:50 : Offset:            X= 658, Y= 304, W= 342, H = 363]
[2019-11-15 04:59:50 : COLOR_0-4       =  (255, 128, 255), (193, 192, 192), (255, 0, 0), (255, 255, 0), (0, 0, 0)]
[2019-11-15 04:59:50 : COLOR_5-9       =  (0, 0, 0), (0, 0, 0), (255, 0, 255), (0, 0, 255), (0, 0, 0)]
[2019-11-15 04:59:50 : COLOR_10-14     =  (128, 128, 0), (0, 0, 0), (0, 0, 0), (0, 0, 0), (0, 0, 0)]
[2019-11-15 04:59:50 : COLOR_15-19     =  (0, 0, 0), (0, 0, 0), (0, 0, 0), (0, 0, 0), (0, 0, 0)]
[2019-11-15 04:59:50 : COLOR_20-24     =  (0, 0, 0), (16, 192, 255), (48, 192, 255), (80, 192, 255), (112, 192, 255)]
[2019-11-15 04:59:50 : COLOR_25-29     =  (144, 192, 255), (176, 192, 255), (255, 128, 0), (128, 0, 255), (176, 176, 0)]
[2019-11-15 04:59:50 : COLOR_30-34     =  (128, 64, 64), (0, 0, 0), (0, 143, 143), (0, 143, 143), (0, 15, 15)]
[2019-11-15 04:59:50 : COLOR_35-39     =  (0, 15, 15), (0, 15, 15), (0, 15, 15), (0, 15, 15), (0, 15, 15)]
[2019-11-15 05:00:06 : BCEL072176.txt  File Not Found -> MessageToUser: [ Please check BCEL072176.txt  whether exits!]]
[2019-11-15 05:00:50 : MEMS-INSPECTION starts, it takes 7.80s.]
[2019-11-15 05:00:50 : File status: Shared setting]
[2019-11-15 05:00:50 : BISData_Path    =  ./TEST_RESULT]
[2019-11-15 05:00:50 : BISLog_Path     =  ./LOG]
[2019-11-15 05:00:50 : BISModel_Path   =  ./Models]
[2019-11-15 05:00:50 : Test_File_Format   =  Result]
[2019-11-15 05:00:50 : Offset:            X= 658, Y= 304, W= 342, H = 363]
[2019-11-15 05:00:50 : COLOR_0-4       =  (255, 128, 255), (193, 192, 192), (255, 0, 0), (255, 255, 0), (0, 0, 0)]
[2019-11-15 05:00:50 : COLOR_5-9       =  (0, 0, 0), (0, 0, 0), (255, 0, 255), (0, 0, 255), (0, 0, 0)]
[2019-11-15 05:00:50 : COLOR_10-14     =  (128, 128, 0), (0, 0, 0), (0, 0, 0), (0, 0, 0), (0, 0, 0)]
[2019-11-15 05:00:50 : COLOR_15-19     =  (0, 0, 0), (0, 0, 0), (0, 0, 0), (0, 0, 0), (0, 0, 0)]
[2019-11-15 05:00:50 : COLOR_20-24     =  (0, 0, 0), (16, 192, 255), (48, 192, 255), (80, 192, 255), (112, 192, 255)]
[2019-11-15 05:00:50 : COLOR_25-29     =  (144, 192, 255), (176, 192, 255), (255, 128, 0), (128, 0, 255), (176, 176, 0)]
[2019-11-15 05:00:50 : COLOR_30-34     =  (128, 64, 64), (0, 0, 0), (0, 143, 143), (0, 143, 143), (0, 15, 15)]
[2019-11-15 05:00:50 : COLOR_35-39     =  (0, 15, 15), (0, 15, 15), (0, 15, 15), (0, 15, 15), (0, 15, 15)]
[2019-11-15 05:00:56 : BCEL072176.txt successfully!]
