[2019-11-18 10:46:16 : MEMS-INSPECTION starts, it takes 8.22s.]
[2019-11-18 10:46:16 : File status: Shared setting]
[2019-11-18 10:46:16 : BISData_Path    =  ./TEST_RESULT]
[2019-11-18 10:46:16 : BISLog_Path     =  ./LOG]
[2019-11-18 10:46:16 : BISModel_Path   =  ./Models]
[2019-11-18 10:46:16 : Test_File_Format   =  Result]
[2019-11-18 10:46:16 : Offset:            X= 658, Y= 304, W= 342, H = 363]
[2019-11-18 10:46:16 : COLOR_0-4       =  (255, 128, 255), (193, 192, 192), (255, 0, 0), (255, 255, 0), (0, 0, 0)]
[2019-11-18 10:46:16 : COLOR_5-9       =  (0, 0, 0), (0, 0, 0), (255, 0, 255), (0, 0, 255), (0, 0, 0)]
[2019-11-18 10:46:16 : COLOR_10-14     =  (128, 128, 0), (0, 0, 0), (0, 0, 0), (0, 0, 0), (0, 0, 0)]
[2019-11-18 10:46:16 : COLOR_15-19     =  (0, 0, 0), (0, 0, 0), (0, 0, 0), (0, 0, 0), (0, 0, 0)]
[2019-11-18 10:46:16 : COLOR_20-24     =  (0, 0, 0), (16, 192, 255), (48, 192, 255), (80, 192, 255), (112, 192, 255)]
[2019-11-18 10:46:16 : COLOR_25-29     =  (144, 192, 255), (176, 192, 255), (255, 128, 0), (128, 0, 255), (176, 176, 0)]
[2019-11-18 10:46:16 : COLOR_30-34     =  (128, 64, 64), (0, 0, 0), (0, 143, 143), (0, 143, 143), (0, 15, 15)]
[2019-11-18 10:46:16 : COLOR_35-39     =  (0, 15, 15), (0, 15, 15), (0, 15, 15), (0, 15, 15), (0, 15, 15)]
[2019-11-18 10:46:36 : BCEL072175.txt successfully!]
[2019-11-18 01:26:47 : MEMS-INSPECTION ends, it takes 9638.48s totally.
]
[2019-11-18 01:53:38 : MEMS-INSPECTION starts, it takes 7.79s.]
[2019-11-18 01:53:38 : File status: Shared setting]
[2019-11-18 01:53:38 : BISData_Path    =  ./TEST_RESULT]
[2019-11-18 01:53:38 : BISLog_Path     =  ./LOG]
[2019-11-18 01:53:38 : BISModel_Path   =  ./Models]
[2019-11-18 01:53:38 : Test_File_Format   =  Result]
[2019-11-18 01:53:38 : Offset:            X= 658, Y= 304, W= 342, H = 363]
[2019-11-18 01:53:38 : COLOR_0-4       =  (255, 128, 255), (193, 192, 192), (255, 0, 0), (255, 255, 0), (0, 0, 0)]
[2019-11-18 01:53:38 : COLOR_5-9       =  (0, 0, 0), (0, 0, 0), (255, 0, 255), (0, 0, 255), (0, 0, 0)]
[2019-11-18 01:53:38 : COLOR_10-14     =  (128, 128, 0), (0, 0, 0), (0, 0, 0), (0, 0, 0), (0, 0, 0)]
[2019-11-18 01:53:38 : COLOR_15-19     =  (0, 0, 0), (0, 0, 0), (0, 0, 0), (0, 0, 0), (0, 0, 0)]
[2019-11-18 01:53:38 : COLOR_20-24     =  (0, 0, 0), (16, 192, 255), (48, 192, 255), (80, 192, 255), (112, 192, 255)]
[2019-11-18 01:53:38 : COLOR_25-29     =  (144, 192, 255), (176, 192, 255), (255, 128, 0), (128, 0, 255), (176, 176, 0)]
[2019-11-18 01:53:38 : COLOR_30-34     =  (128, 64, 64), (0, 0, 0), (0, 143, 143), (0, 143, 143), (0, 15, 15)]
[2019-11-18 01:53:38 : COLOR_35-39     =  (0, 15, 15), (0, 15, 15), (0, 15, 15), (0, 15, 15), (0, 15, 15)]
[2019-11-18 01:53:43 : MEMS-INSPECTION ends, it takes 13.45s totally.
]
[2019-11-18 02:07:01 : MEMS-INSPECTION starts, it takes 7.76s.]
[2019-11-18 02:07:01 : File status: Shared setting]
[2019-11-18 02:07:01 : BISData_Path    =  ./TEST_RESULT]
[2019-11-18 02:07:01 : BISLog_Path     =  ./LOG]
[2019-11-18 02:07:01 : BISModel_Path   =  ./Models]
[2019-11-18 02:07:01 : Test_File_Format   =  Result]
[2019-11-18 02:07:01 : Offset:            X= 658, Y= 304, W= 342, H = 363]
[2019-11-18 02:07:01 : COLOR_0-4       =  (255, 128, 255), (193, 192, 192), (255, 0, 0), (255, 255, 0), (0, 0, 0)]
[2019-11-18 02:07:01 : COLOR_5-9       =  (0, 0, 0), (0, 0, 0), (255, 0, 255), (0, 0, 255), (0, 0, 0)]
[2019-11-18 02:07:01 : COLOR_10-14     =  (128, 128, 0), (0, 0, 0), (0, 0, 0), (0, 0, 0), (0, 0, 0)]
[2019-11-18 02:07:01 : COLOR_15-19     =  (0, 0, 0), (0, 0, 0), (0, 0, 0), (0, 0, 0), (0, 0, 0)]
[2019-11-18 02:07:01 : COLOR_20-24     =  (0, 0, 0), (16, 192, 255), (48, 192, 255), (80, 192, 255), (112, 192, 255)]
[2019-11-18 02:07:01 : COLOR_25-29     =  (144, 192, 255), (176, 192, 255), (255, 128, 0), (128, 0, 255), (176, 176, 0)]
[2019-11-18 02:07:01 : COLOR_30-34     =  (128, 64, 64), (0, 0, 0), (0, 143, 143), (0, 143, 143), (0, 15, 15)]
[2019-11-18 02:07:01 : COLOR_35-39     =  (0, 15, 15), (0, 15, 15), (0, 15, 15), (0, 15, 15), (0, 15, 15)]
[2019-11-18 02:18:22 : MEMS-INSPECTION starts, it takes 7.85s.]
[2019-11-18 02:18:22 : File status: Shared setting]
[2019-11-18 02:18:22 : BISData_Path    =  ./TEST_RESULT]
[2019-11-18 02:18:22 : BISLog_Path     =  ./LOG]
[2019-11-18 02:18:22 : BISModel_Path   =  ./Models]
[2019-11-18 02:18:22 : Test_File_Format   =  Result]
[2019-11-18 02:18:22 : Offset:            X= 658, Y= 304, W= 342, H = 363]
[2019-11-18 02:18:22 : COLOR_0-4       =  (255, 128, 255), (193, 192, 192), (255, 0, 0), (255, 255, 0), (0, 0, 0)]
[2019-11-18 02:18:22 : COLOR_5-9       =  (0, 0, 0), (0, 0, 0), (255, 0, 255), (0, 0, 255), (0, 0, 0)]
[2019-11-18 02:18:22 : COLOR_10-14     =  (128, 128, 0), (0, 0, 0), (0, 0, 0), (0, 0, 0), (0, 0, 0)]
[2019-11-18 02:18:22 : COLOR_15-19     =  (0, 0, 0), (0, 0, 0), (0, 0, 0), (0, 0, 0), (0, 0, 0)]
[2019-11-18 02:18:22 : COLOR_20-24     =  (0, 0, 0), (16, 192, 255), (48, 192, 255), (80, 192, 255), (112, 192, 255)]
[2019-11-18 02:18:22 : COLOR_25-29     =  (144, 192, 255), (176, 192, 255), (255, 128, 0), (128, 0, 255), (176, 176, 0)]
[2019-11-18 02:18:22 : COLOR_30-34     =  (128, 64, 64), (0, 0, 0), (0, 143, 143), (0, 143, 143), (0, 15, 15)]
[2019-11-18 02:18:22 : COLOR_35-39     =  (0, 15, 15), (0, 15, 15), (0, 15, 15), (0, 15, 15), (0, 15, 15)]
[2019-11-18 02:18:41 : AEEL090020.txt successfully!]
[2019-11-18 04:06:17 : MEMS-INSPECTION ends, it takes 6482.33s totally.
]
